<?xml version="1.0" encoding="UTF-8"?>
<!-- Generated by org.testng.reporters.JUnitReportReporter -->
<testsuite hostname="DESKTOP-TCM4R6P" failures="0" tests="1" name="TestCases.LoginTestCases" time="17.227" errors="0" timestamp="2023-09-17T19:11:21 IST" skipped="0">
  <testcase classname="TestCases.LoginTestCases" name="VerifyValidLogin" time="17.227"/>
</testsuite> <!-- TestCases.LoginTestCases -->
